\BOOKMARK [0][-]{chapter*.1}{\376\377\000A\000b\000s\000t\000r\000a\000c\000t}{}% 1
\BOOKMARK [0][-]{chapter*.2}{\376\377\000S\000y\000n\000o\000p\000s\000i\000s}{}% 2
\BOOKMARK [0][-]{chapter.1}{\376\377\000A\000\040\000P\000h\000y\000s\000i\000c\000i\000s\000t\000'\000s\000\040\000M\000a\000p\000\040\000o\000f\000\040\000H\000u\000m\000a\000n\000\040\000O\000p\000i\000n\000i\000o\000n\000s}{}% 3
\BOOKMARK [1][-]{section.1.1}{\376\377\000T\000h\000e\000\040\000G\000r\000a\000n\000d\000\040\000S\000t\000a\000g\000e\000\040\000o\000f\000\040\000S\000o\000c\000i\000e\000t\000y\000\040\000a\000s\000\040\000a\000\040\000C\000o\000m\000p\000l\000e\000x\000\040\000S\000y\000s\000t\000e\000m}{chapter.1}% 4
\BOOKMARK [1][-]{section.1.2}{\376\377\000O\000p\000i\000n\000i\000o\000n\000s\000:\000\040\000T\000h\000e\000\040\000E\000m\000e\000r\000g\000e\000n\000t\000\040\000N\000e\000b\000u\000l\000a\000e\000\040\000o\000f\000\040\000I\000n\000t\000e\000r\000a\000c\000t\000i\000o\000n}{chapter.1}% 5
\BOOKMARK [1][-]{section.1.3}{\376\377\000E\000l\000e\000c\000t\000i\000o\000n\000s\000:\000\040\000T\000h\000e\000\040\000S\000u\000p\000e\000r\000n\000o\000v\000a\000e\000\040\000o\000f\000\040\000C\000o\000l\000l\000e\000c\000t\000i\000v\000e\000\040\000O\000p\000i\000n\000i\000o\000n}{chapter.1}% 6
\BOOKMARK [1][-]{section.1.4}{\376\377\000T\000h\000e\000\040\000S\000t\000a\000t\000i\000s\000t\000i\000c\000a\000l\000\040\000P\000h\000y\000s\000i\000c\000s\000\040\000A\000p\000p\000r\000o\000a\000c\000h\000\040\000t\000o\000\040\000S\000o\000c\000i\000a\000l\000\040\000D\000y\000n\000a\000m\000i\000c\000s}{chapter.1}% 7
\BOOKMARK [1][-]{section.1.5}{\376\377\000W\000h\000y\000\040\000P\000h\000y\000s\000i\000c\000i\000s\000t\000s\000\040\000C\000a\000n\000'\000t\000\040\000R\000e\000s\000i\000s\000t\000\040\000a\000\040\000G\000o\000o\000d\000\040\000O\000p\000i\000n\000i\000o\000n\000\040\000\050\000o\000r\000\040\000E\000l\000e\000c\000t\000i\000o\000n\000\051}{chapter.1}% 8
\BOOKMARK [1][-]{section.1.6}{\376\377\000T\000h\000e\000\040\000M\000o\000d\000e\000r\000n\000\040\000T\000w\000i\000s\000t\000:\000\040\000A\000l\000g\000o\000r\000i\000t\000h\000m\000s\000,\000\040\000E\000c\000h\000o\000e\000s\000,\000\040\000a\000n\000d\000\040\000E\000x\000i\000s\000t\000e\000n\000t\000i\000a\000l\000\040\000T\000h\000r\000e\000a\000t\000s}{chapter.1}% 9
\BOOKMARK [1][-]{section.1.7}{\376\377\000T\000h\000e\000\040\000T\000h\000e\000s\000i\000s\000\040\000R\000o\000a\000d\000m\000a\000p\000:\000\040\000A\000\040\000Q\000u\000e\000s\000t\000\040\000f\000o\000r\000\040\000O\000r\000d\000e\000r\000\040\000a\000n\000d\000\040\000I\000n\000t\000e\000r\000v\000e\000n\000t\000i\000o\000n}{chapter.1}% 10
\BOOKMARK [1][-]{section.1.8}{\376\377\000C\000h\000a\000p\000t\000e\000r\000\040\000S\000u\000m\000m\000a\000r\000y}{chapter.1}% 11
\BOOKMARK [0][-]{chapter.2}{\376\377\000A\000\040\000L\000i\000g\000h\000t\000\040\000N\000u\000d\000g\000e\000\040\000A\000g\000a\000i\000n\000s\000t\000\040\000O\000n\000l\000i\000n\000e\000\040\000P\000o\000l\000a\000r\000i\000z\000a\000t\000i\000o\000n}{}% 12
\BOOKMARK [1][-]{section.2.1}{\376\377\000O\000p\000i\000n\000i\000o\000n\000\040\000D\000y\000n\000a\000m\000i\000c\000s\000\040\000i\000n\000\040\000D\000i\000g\000i\000t\000a\000l\000\040\000S\000o\000c\000i\000a\000l\000\040\000N\000e\000t\000w\000o\000r\000k\000s}{chapter.2}% 13
\BOOKMARK [1][-]{section.2.2}{\376\377\000I\000n\000t\000r\000o\000d\000u\000c\000i\000n\000g\000\040\000t\000h\000e\000\040\000P\000r\000o\000t\000a\000g\000o\000n\000i\000s\000t\000:\000\040\000A\000\040\000M\000o\000d\000e\000l\000\040\000o\000f\000\040\000\050\000D\000i\000s\000\051\000C\000o\000n\000t\000e\000n\000t}{chapter.2}% 14
\BOOKMARK [2][-]{subsection.2.2.1}{\376\377\000T\000h\000e\000\040\000O\000p\000i\000n\000i\000o\000n\000\040\000D\000y\000n\000a\000m\000i\000c\000s\000\040\000F\000r\000a\000m\000e\000w\000o\000r\000k}{section.2.2}% 15
\BOOKMARK [2][-]{subsection.2.2.2}{\376\377\000K\000e\000y\000\040\000P\000a\000r\000a\000m\000e\000t\000e\000r\000s\000\040\000a\000n\000d\000\040\000T\000h\000e\000i\000r\000\040\000P\000h\000y\000s\000i\000c\000a\000l\000\040\000M\000e\000a\000n\000i\000n\000g}{section.2.2}% 16
\BOOKMARK [1][-]{section.2.3}{\376\377\000T\000h\000e\000\040\000I\000n\000t\000e\000r\000v\000e\000n\000t\000i\000o\000n\000:\000\040\000T\000h\000e\000\040\000`\000`\000R\000a\000n\000d\000o\000m\000\040\000N\000u\000d\000g\000e\000"\000\040\000S\000t\000r\000a\000t\000e\000g\000y}{chapter.2}% 17
\BOOKMARK [2][-]{subsection.2.3.1}{\376\377\000Q\000u\000a\000n\000t\000i\000f\000y\000i\000n\000g\000\040\000t\000h\000e\000\040\000B\000a\000t\000t\000l\000e\000:\000\040\000M\000e\000a\000s\000u\000r\000i\000n\000g\000\040\000P\000o\000l\000a\000r\000i\000z\000a\000t\000i\000o\000n\000'\000s\000\040\000R\000e\000t\000r\000e\000a\000t}{section.2.3}% 18
\BOOKMARK [1][-]{section.2.4}{\376\377\000T\000h\000e\000\040\000N\000u\000d\000g\000e\000\040\000i\000n\000\040\000A\000c\000t\000i\000o\000n\000:\000\040\000R\000e\000s\000u\000l\000t\000s\000\040\000a\000n\000d\000\040\000R\000e\000v\000e\000l\000a\000t\000i\000o\000n\000s}{chapter.2}% 19
\BOOKMARK [2][-]{subsection.2.4.1}{\376\377\000D\000e\000p\000o\000l\000a\000r\000i\000z\000a\000t\000i\000o\000n\000\040\000E\000f\000f\000e\000c\000t\000s}{section.2.4}% 20
\BOOKMARK [2][-]{subsection.2.4.2}{\376\377\000N\000e\000t\000w\000o\000r\000k\000\040\000E\000f\000f\000e\000c\000t\000:\000\040\000B\000r\000e\000a\000k\000i\000n\000g\000\040\000o\000f\000\040\000D\000i\000s\000t\000i\000n\000c\000t\000\040\000C\000l\000u\000s\000t\000e\000r\000s}{section.2.4}% 21
\BOOKMARK [2][-]{subsection.2.4.3}{\376\377\000Q\000u\000a\000n\000t\000i\000t\000a\000t\000i\000v\000e\000\040\000A\000n\000a\000l\000y\000s\000i\000s\000\040\000o\000f\000\040\000P\000o\000l\000a\000r\000i\000z\000a\000t\000i\000o\000n\000\040\000R\000e\000d\000u\000c\000t\000i\000o\000n}{section.2.4}% 22
\BOOKMARK [1][-]{section.2.5}{\376\377\000T\000h\000e\000\040\000D\000o\000u\000b\000l\000e\000-\000E\000d\000g\000e\000d\000\040\000S\000w\000o\000r\000d\000:\000\040\000D\000e\000p\000o\000l\000a\000r\000i\000z\000a\000t\000i\000o\000n\000\040\000v\000s\000.\000\040\000R\000a\000d\000i\000c\000a\000l\000i\000z\000a\000t\000i\000o\000n}{chapter.2}% 23
\BOOKMARK [2][-]{subsection.2.5.1}{\376\377\000F\000i\000n\000d\000i\000n\000g\000\040\000t\000h\000e\000\040\000S\000w\000e\000e\000t\000\040\000S\000p\000o\000t\000:\000\040\000O\000p\000t\000i\000m\000i\000z\000i\000n\000g\000\040\000t\000h\000e\000\040\000N\000u\000d\000g\000e}{section.2.5}% 24
\BOOKMARK [1][-]{section.2.6}{\376\377\000R\000o\000b\000u\000s\000t\000n\000e\000s\000s\000\040\000C\000h\000e\000c\000k\000:\000\040\000T\000e\000s\000t\000i\000n\000g\000\040\000o\000n\000\040\000A\000l\000t\000e\000r\000n\000a\000t\000i\000v\000e\000\040\000M\000o\000d\000e\000l\000s}{chapter.2}% 25
\BOOKMARK [1][-]{section.2.7}{\376\377\000D\000i\000s\000c\000u\000s\000s\000i\000o\000n\000\040\000a\000n\000d\000\040\000I\000m\000p\000l\000i\000c\000a\000t\000i\000o\000n\000s}{chapter.2}% 26
\BOOKMARK [2][-]{subsection.2.7.1}{\376\377\000I\000m\000p\000l\000i\000c\000a\000t\000i\000o\000n\000s\000\040\000f\000o\000r\000\040\000D\000i\000g\000i\000t\000a\000l\000\040\000P\000l\000a\000t\000f\000o\000r\000m\000\040\000D\000e\000s\000i\000g\000n}{section.2.7}% 27
\BOOKMARK [2][-]{subsection.2.7.2}{\376\377\000E\000t\000h\000i\000c\000a\000l\000\040\000C\000o\000n\000s\000i\000d\000e\000r\000a\000t\000i\000o\000n\000s\000\040\000a\000n\000d\000\040\000I\000m\000p\000l\000e\000m\000e\000n\000t\000a\000t\000i\000o\000n\000\040\000C\000h\000a\000l\000l\000e\000n\000g\000e\000s}{section.2.7}% 28
\BOOKMARK [2][-]{subsection.2.7.3}{\376\377\000B\000r\000o\000a\000d\000e\000r\000\040\000I\000m\000p\000l\000i\000c\000a\000t\000i\000o\000n\000s\000\040\000f\000o\000r\000\040\000C\000o\000l\000l\000e\000c\000t\000i\000v\000e\000\040\000D\000e\000c\000i\000s\000i\000o\000n\000-\000M\000a\000k\000i\000n\000g}{section.2.7}% 29
\BOOKMARK [0][-]{chapter.3}{\376\377\000D\000i\000g\000g\000i\000n\000g\000\040\000i\000n\000t\000o\000\040\000t\000h\000e\000\040\000D\000a\000t\000a\000:\000\040\000T\000h\000e\000\040\000F\000o\000u\000n\000d\000a\000t\000i\000o\000n\000\040\000o\000f\000\040\000E\000l\000e\000c\000t\000o\000r\000a\000l\000\040\000A\000n\000a\000l\000y\000s\000i\000s}{}% 30
\BOOKMARK [1][-]{section.3.1}{\376\377\000T\000h\000e\000\040\000P\000i\000v\000o\000t\000:\000\040\000F\000r\000o\000m\000\040\000O\000p\000i\000n\000i\000o\000n\000s\000\040\000t\000o\000\040\000E\000l\000e\000c\000t\000i\000o\000n\000s}{chapter.3}% 31
\BOOKMARK [1][-]{section.3.2}{\376\377\000T\000h\000e\000\040\000G\000r\000e\000a\000t\000\040\000D\000a\000t\000a\000\040\000H\000u\000n\000t\000:\000\040\000S\000c\000r\000a\000p\000i\000n\000g\000\040\000D\000e\000m\000o\000c\000r\000a\000c\000y\000'\000s\000\040\000D\000i\000g\000i\000t\000a\000l\000\040\000F\000o\000o\000t\000p\000r\000i\000n\000t\000s}{chapter.3}% 32
\BOOKMARK [1][-]{section.3.3}{\376\377\000A\000\040\000P\000e\000e\000k\000\040\000B\000e\000h\000i\000n\000d\000\040\000t\000h\000e\000\040\000C\000u\000r\000t\000a\000i\000n\000:\000\040\000S\000a\000m\000p\000l\000e\000\040\000D\000a\000t\000a\000s\000e\000t\000\040\000S\000t\000r\000u\000c\000t\000u\000r\000e}{chapter.3}% 33
\BOOKMARK [1][-]{section.3.4}{\376\377\000D\000a\000t\000a\000\040\000C\000l\000e\000a\000n\000i\000n\000g\000:\000\040\000T\000h\000e\000\040\000U\000n\000g\000l\000a\000m\000o\000r\000o\000u\000s\000\040\000b\000u\000t\000\040\000C\000r\000i\000t\000i\000c\000a\000l\000\040\000F\000o\000u\000n\000d\000a\000t\000i\000o\000n}{chapter.3}% 34
\BOOKMARK [1][-]{section.3.5}{\376\377\000T\000h\000e\000\040\000N\000u\000m\000b\000e\000r\000s\000\040\000S\000p\000e\000a\000k\000:\000\040\000K\000e\000y\000\040\000S\000t\000a\000t\000i\000s\000t\000i\000c\000s\000\040\000a\000n\000d\000\040\000D\000i\000s\000t\000r\000i\000b\000u\000t\000i\000o\000n\000s}{chapter.3}% 35
\BOOKMARK [1][-]{section.3.6}{\376\377\000D\000a\000t\000a\000\040\000a\000s\000\040\000t\000h\000e\000\040\000S\000i\000n\000g\000l\000e\000\040\000M\000o\000s\000t\000\040\000I\000m\000p\000o\000r\000t\000a\000n\000t\000\040\000F\000o\000u\000n\000d\000a\000t\000i\000o\000n}{chapter.3}% 36
\BOOKMARK [0][-]{chapter.4}{\376\377\000U\000n\000i\000v\000e\000r\000s\000a\000l\000\040\000C\000l\000u\000e\000s\000\040\000i\000n\000\040\000t\000h\000e\000\040\000B\000a\000l\000l\000o\000t\000\040\000B\000o\000x}{}% 37
\BOOKMARK [1][-]{section.4.1}{\376\377\000T\000h\000e\000\040\000A\000l\000l\000u\000r\000e\000\040\000o\000f\000\040\000U\000n\000i\000v\000e\000r\000s\000a\000l\000i\000t\000y\000:\000\040\000W\000h\000y\000\040\000P\000h\000y\000s\000i\000c\000i\000s\000t\000s\000\040\000C\000h\000a\000s\000e\000\040\000P\000a\000t\000t\000e\000r\000n\000s\000\040\000i\000n\000\040\000P\000o\000l\000i\000t\000i\000c\000s}{chapter.4}% 38
\BOOKMARK [2][-]{subsection.4.1.1}{\376\377\000A\000\040\000H\000i\000s\000t\000o\000r\000y\000\040\000o\000f\000\040\000N\000e\000a\000r\000\040\000M\000i\000s\000s\000e\000s\000:\000\040\000P\000r\000e\000v\000i\000o\000u\000s\000\040\000E\000x\000p\000e\000d\000i\000t\000i\000o\000n\000s\000\040\000f\000o\000r\000\040\000E\000l\000e\000c\000t\000o\000r\000a\000l\000\040\000U\000n\000i\000v\000e\000r\000s\000a\000l\000s}{section.4.1}% 39
\BOOKMARK [1][-]{section.4.2}{\376\377\000T\000h\000e\000\040\000C\000h\000o\000s\000e\000n\000\040\000V\000a\000r\000i\000a\000b\000l\000e\000s\000:\000\040\000M\000a\000r\000g\000i\000n\000\040\000o\000f\000\040\000V\000i\000c\000t\000o\000r\000y\000\040\000\050\000M\000\051\000\040\000a\000n\000d\000\040\000V\000o\000t\000e\000r\000\040\000T\000u\000r\000n\000o\000u\000t\000\040\000\050\000T\000\051}{chapter.4}% 40
\BOOKMARK [2][-]{subsection.4.2.1}{\376\377\000W\000h\000y\000\040\000T\000h\000e\000s\000e\000\040\000T\000w\000o\000\040\000V\000a\000r\000i\000a\000b\000l\000e\000s\000?}{section.4.2}% 41
\BOOKMARK [2][-]{subsection.4.2.2}{\376\377\000I\000n\000i\000t\000i\000a\000l\000\040\000O\000b\000s\000e\000r\000v\000a\000t\000i\000o\000n\000s\000\040\000f\000r\000o\000m\000\040\000O\000u\000r\000\040\000C\000u\000r\000a\000t\000e\000d\000\040\000D\000a\000t\000a\000s\000e\000t}{section.4.2}% 42
\BOOKMARK [1][-]{section.4.3}{\376\377\000T\000h\000e\000\040\000U\000n\000i\000v\000e\000r\000s\000a\000l\000i\000t\000y\000\040\000L\000a\000n\000d\000s\000c\000a\000p\000e\000:\000\040\000S\000c\000o\000p\000e\000\040\000a\000n\000d\000\040\000R\000o\000b\000u\000s\000t\000n\000e\000s\000s}{chapter.4}% 43
\BOOKMARK [1][-]{section.4.4}{\376\377\000T\000h\000e\000\040\000"\000A\000h\000a\000!\000"\000\040\000M\000o\000m\000e\000n\000t\000:\000\040\000T\000h\000e\000\040\000S\000c\000a\000l\000e\000d\000\040\000M\000a\000r\000g\000i\000n\000-\000t\000o\000-\000T\000u\000r\000n\000o\000u\000t\000\040\000R\000a\000t\000i\000o}{chapter.4}% 44
\BOOKMARK [2][-]{subsection.4.4.1}{\376\377\000U\000n\000i\000v\000e\000r\000s\000a\000l\000\040\000D\000i\000s\000t\000r\000i\000b\000u\000t\000i\000o\000n\000\040\000o\000f\000\040\000S\000c\000a\000l\000e\000d\000\040\000S\000p\000e\000c\000i\000f\000i\000c\000\040\000M\000a\000r\000g\000i\000n}{section.4.4}% 45
\BOOKMARK [1][-]{section.4.5}{\376\377\000T\000h\000e\000\040\000C\000h\000a\000l\000l\000e\000n\000g\000e\000:\000\040\000C\000a\000n\000\040\000W\000e\000\040\000E\000x\000p\000l\000a\000i\000n\000\040\000T\000h\000i\000s\000\040\000U\000n\000i\000v\000e\000r\000s\000a\000l\000i\000t\000y\000?}{chapter.4}% 46
\BOOKMARK [2][-]{subsection.4.5.1}{\376\377\000A\000\040\000G\000l\000i\000m\000p\000s\000e\000\040\000o\000f\000\040\000t\000h\000e\000\040\000M\000e\000c\000h\000a\000n\000i\000s\000m\000:\000\040\000S\000e\000t\000t\000i\000n\000g\000\040\000U\000p\000\040\000t\000h\000e\000\040\000R\000a\000n\000d\000o\000m\000\040\000V\000o\000t\000i\000n\000g\000\040\000M\000o\000d\000e\000l}{section.4.5}% 47
\BOOKMARK [1][-]{section.4.6}{\376\377\000C\000o\000n\000c\000l\000u\000s\000i\000o\000n\000:\000\040\000U\000n\000i\000v\000e\000r\000s\000a\000l\000i\000t\000y\000\040\000a\000s\000\040\000a\000\040\000S\000i\000g\000n\000a\000t\000u\000r\000e\000\040\000o\000f\000\040\000D\000e\000m\000o\000c\000r\000a\000t\000i\000c\000\040\000C\000o\000m\000p\000e\000t\000i\000t\000i\000o\000n}{chapter.4}% 48
\BOOKMARK [0][-]{chapter.5}{\376\377\000T\000h\000e\000\040\000R\000a\000n\000d\000o\000m\000\040\000V\000o\000t\000i\000n\000g\000\040\000M\000o\000d\000e\000l\000:\000\040\000W\000h\000e\000n\000\040\000C\000h\000a\000n\000c\000e\000\040\000E\000x\000p\000l\000a\000i\000n\000s\000\040\000C\000h\000o\000i\000c\000e}{}% 49
\BOOKMARK [1][-]{section.5.1}{\376\377\000I\000n\000t\000r\000o\000d\000u\000c\000i\000n\000g\000\040\000t\000h\000e\000\040\000R\000a\000n\000d\000o\000m\000\040\000V\000o\000t\000i\000n\000g\000\040\000M\000o\000d\000e\000l\000\040\000\050\000R\000V\000M\000\051\000:\000\040\000S\000i\000m\000p\000l\000i\000c\000i\000t\000y\000\040\000b\000y\000\040\000D\000e\000s\000i\000g\000n}{chapter.5}% 50
\BOOKMARK [1][-]{section.5.2}{\376\377\000T\000h\000e\000\040\000R\000V\000M\000'\000s\000\040\000F\000i\000r\000s\000t\000\040\000S\000y\000m\000p\000h\000o\000n\000y\000:\000\040\000E\000x\000p\000l\000a\000i\000n\000i\000n\000g\000\040\000t\000h\000e\000\040\000U\000n\000i\000v\000e\000r\000s\000a\000l\000\040\000F\000\050\000x\000\051}{chapter.5}% 51
\BOOKMARK [1][-]{section.5.3}{\376\377\000E\000x\000p\000a\000n\000d\000i\000n\000g\000\040\000t\000h\000e\000\040\000R\000e\000p\000e\000r\000t\000o\000i\000r\000e\000:\000\040\000P\000r\000e\000d\000i\000c\000t\000i\000n\000g\000\040\000M\000a\000r\000g\000i\000n\000s\000\040\000f\000r\000o\000m\000\040\000T\000u\000r\000n\000o\000u\000t\000s}{chapter.5}% 52
\BOOKMARK [2][-]{subsection.5.3.1}{\376\377\000T\000u\000r\000n\000o\000u\000t\000\040\000D\000i\000s\000t\000r\000i\000b\000u\000t\000i\000o\000n\000\040\000E\000f\000f\000e\000c\000t\000s\000\040\000o\000n\000\040\000M\000a\000r\000g\000i\000n\000\040\000D\000i\000s\000t\000r\000i\000b\000u\000t\000i\000o\000n}{section.5.3}% 53
\BOOKMARK [3][-]{subsubsection.5.3.1.1}{\376\377\000E\000x\000p\000o\000n\000e\000n\000t\000i\000a\000l\000\040\000T\000u\000r\000n\000o\000u\000t\000\040\000D\000i\000s\000t\000r\000i\000b\000u\000t\000i\000o\000n}{subsection.5.3.1}% 54
\BOOKMARK [3][-]{subsubsection.5.3.1.2}{\376\377\000P\000o\000w\000e\000r\000\040\000L\000a\000w\000\040\000T\000u\000r\000n\000o\000u\000t\000\040\000D\000i\000s\000t\000r\000i\000b\000u\000t\000i\000o\000n}{subsection.5.3.1}% 55
\BOOKMARK [3][-]{subsubsection.5.3.1.3}{\376\377\000G\000a\000u\000s\000s\000i\000a\000n\000\040\000T\000u\000r\000n\000o\000u\000t\000\040\000D\000i\000s\000t\000r\000i\000b\000u\000t\000i\000o\000n}{subsection.5.3.1}% 56
\BOOKMARK [1][-]{section.5.4}{\376\377\000B\000e\000y\000o\000n\000d\000\040\000M\000a\000r\000g\000i\000n\000s\000:\000\040\000P\000r\000e\000d\000i\000c\000t\000i\000n\000g\000\040\000W\000i\000n\000n\000e\000r\000\040\000a\000n\000d\000\040\000R\000u\000n\000n\000e\000r\000-\000u\000p\000\040\000V\000o\000t\000e\000s\000\040\000A\000c\000r\000o\000s\000s\000\040\000S\000c\000a\000l\000e\000s}{chapter.5}% 57
\BOOKMARK [2][-]{subsection.5.4.1}{\376\377\000T\000h\000e\000\040\000E\000f\000f\000e\000c\000t\000i\000v\000e\000\040\000N\000u\000m\000b\000e\000r\000\040\000o\000f\000\040\000C\000a\000n\000d\000i\000d\000a\000t\000e\000s}{section.5.4}% 58
\BOOKMARK [2][-]{subsection.5.4.2}{\376\377\000A\000n\000a\000l\000y\000t\000i\000c\000a\000l\000\040\000D\000e\000r\000i\000v\000a\000t\000i\000o\000n\000s\000\040\000f\000o\000r\000\040\000V\000o\000t\000e\000\040\000D\000i\000s\000t\000r\000i\000b\000u\000t\000i\000o\000n\000s}{section.5.4}% 59
\BOOKMARK [3][-]{subsubsection.5.4.2.1}{\376\377\000T\000w\000o\000-\000C\000a\000n\000d\000i\000d\000a\000t\000e\000\040\000M\000o\000d\000e\000l\000\040\000\050\000n\000c\000\040\000=\000\040\0002\000\051}{subsection.5.4.2}% 60
\BOOKMARK [3][-]{subsubsection.5.4.2.2}{\376\377\000T\000w\000o\000-\000C\000a\000n\000d\000i\000d\000a\000t\000e\000\040\000M\000o\000d\000e\000l\000\040\000\050\000n\000c\000\040\000=\000\040\0002\000\051}{subsection.5.4.2}% 61
\BOOKMARK [3][-]{subsubsection.5.4.2.3}{\376\377\000T\000h\000r\000e\000e\000-\000C\000a\000n\000d\000i\000d\000a\000t\000e\000\040\000M\000o\000d\000e\000l\000\040\000\050\000n\000c\000\040\000=\000\040\0003\000\051}{subsection.5.4.2}% 62
\BOOKMARK [2][-]{subsection.5.4.3}{\376\377\000F\000r\000o\000m\000\040\000V\000o\000t\000e\000\040\000S\000h\000a\000r\000e\000s\000\040\000t\000o\000\040\000V\000o\000t\000e\000\040\000D\000i\000s\000t\000r\000i\000b\000u\000t\000i\000o\000n\000s}{section.5.4}% 63
\BOOKMARK [2][-]{subsection.5.4.4}{\376\377\000I\000n\000d\000i\000a\000n\000\040\000C\000a\000s\000e\000\040\000S\000t\000u\000d\000y\000:\000\040\000S\000c\000a\000l\000e\000\040\000I\000n\000v\000a\000r\000i\000a\000n\000c\000e\000\040\000R\000e\000v\000e\000a\000l\000e\000d}{section.5.4}% 64
\BOOKMARK [1][-]{section.5.5}{\376\377\000T\000h\000e\000o\000r\000e\000t\000i\000c\000a\000l\000\040\000I\000n\000s\000i\000g\000h\000t\000s\000:\000\040\000W\000h\000y\000\040\000t\000h\000e\000\040\000R\000V\000M\000\040\000W\000o\000r\000k\000s}{chapter.5}% 65
\BOOKMARK [2][-]{subsection.5.5.1}{\376\377\000T\000h\000e\000\040\000L\000a\000r\000g\000e\000\040\000T\000u\000r\000n\000o\000u\000t\000\040\000L\000i\000m\000i\000t}{section.5.5}% 66
\BOOKMARK [2][-]{subsection.5.5.2}{\376\377\000O\000r\000d\000e\000r\000\040\000S\000t\000a\000t\000i\000s\000t\000i\000c\000s\000\040\000a\000s\000\040\000M\000a\000t\000h\000e\000m\000a\000t\000i\000c\000a\000l\000\040\000F\000o\000u\000n\000d\000a\000t\000i\000o\000n}{section.5.5}% 67
\BOOKMARK [2][-]{subsection.5.5.3}{\376\377\000T\000h\000e\000\040\000R\000o\000l\000e\000\040\000o\000f\000\040\000T\000u\000r\000n\000o\000u\000t\000\040\000i\000n\000\040\000S\000e\000t\000t\000i\000n\000g\000\040\000t\000h\000e\000\040\000S\000t\000a\000t\000i\000s\000t\000i\000c\000a\000l\000\040\000E\000n\000v\000i\000r\000o\000n\000m\000e\000n\000t}{section.5.5}% 68
\BOOKMARK [1][-]{section.5.6}{\376\377\000M\000o\000d\000e\000l\000\040\000V\000a\000l\000i\000d\000a\000t\000i\000o\000n\000\040\000A\000c\000r\000o\000s\000s\000\040\000S\000c\000a\000l\000e\000s\000\040\000a\000n\000d\000\040\000C\000o\000u\000n\000t\000r\000i\000e\000s}{chapter.5}% 69
\BOOKMARK [2][-]{subsection.5.6.1}{\376\377\000S\000i\000m\000u\000l\000a\000t\000i\000o\000n\000\040\000v\000s\000.\000\040\000A\000n\000a\000l\000y\000t\000i\000c\000a\000l\000\040\000R\000e\000s\000u\000l\000t\000s}{section.5.6}% 70
\BOOKMARK [2][-]{subsection.5.6.2}{\376\377\000R\000o\000b\000u\000s\000t\000n\000e\000s\000s\000\040\000A\000c\000r\000o\000s\000s\000\040\000E\000l\000e\000c\000t\000o\000r\000a\000l\000\040\000S\000y\000s\000t\000e\000m\000s}{section.5.6}% 71
\BOOKMARK [1][-]{section.5.7}{\376\377\000T\000h\000e\000\040\000P\000o\000w\000e\000r\000\040\000o\000f\000\040\000S\000i\000m\000p\000l\000i\000c\000i\000t\000y}{chapter.5}% 72
\BOOKMARK [2][-]{subsection.5.7.1}{\376\377\000T\000h\000e\000\040\000R\000V\000M\000\040\000a\000s\000\040\000a\000\040\000N\000u\000l\000l\000\040\000M\000o\000d\000e\000l\000\040\000f\000o\000r\000\040\000C\000o\000m\000p\000e\000t\000i\000t\000i\000v\000e\000\040\000E\000l\000e\000c\000t\000i\000o\000n\000s}{section.5.7}% 73
\BOOKMARK [2][-]{subsection.5.7.2}{\376\377\000W\000h\000a\000t\000\040\000t\000h\000e\000\040\000M\000o\000d\000e\000l\000\040\000D\000o\000e\000s\000n\000'\000t\000\040\000C\000a\000p\000t\000u\000r\000e}{section.5.7}% 74
\BOOKMARK [2][-]{subsection.5.7.3}{\376\377\000T\000h\000e\000\040\000V\000a\000l\000u\000e\000\040\000o\000f\000\040\000P\000a\000r\000a\000m\000e\000t\000e\000r\000-\000F\000r\000e\000e\000\040\000P\000r\000e\000d\000i\000c\000t\000i\000o\000n}{section.5.7}% 75
\BOOKMARK [0][-]{chapter.6}{\376\377\000F\000r\000o\000m\000\040\000T\000h\000e\000o\000r\000y\000\040\000t\000o\000\040\000P\000r\000a\000c\000t\000i\000c\000e\000:\000\040\000A\000p\000p\000l\000i\000c\000a\000t\000i\000o\000n\000s\000\040\000a\000n\000d\000\040\000I\000n\000t\000e\000r\000v\000e\000n\000t\000i\000o\000n\000s}{}% 76
\BOOKMARK [1][-]{section.6.1}{\376\377\000T\000h\000e\000\040\000I\000n\000t\000e\000r\000v\000e\000n\000t\000i\000o\000n\000\040\000T\000o\000o\000l\000k\000i\000t\000:\000\040\000T\000w\000o\000\040\000C\000o\000m\000p\000l\000e\000m\000e\000n\000t\000a\000r\000y\000\040\000A\000p\000p\000r\000o\000a\000c\000h\000e\000s}{chapter.6}% 77
\BOOKMARK [1][-]{section.6.2}{\376\377\000A\000p\000p\000l\000i\000c\000a\000t\000i\000o\000n\000\040\0001\000:\000\040\000T\000h\000e\000\040\000R\000a\000n\000d\000o\000m\000\040\000N\000u\000d\000g\000e\000\040\000f\000o\000r\000\040\000D\000e\000p\000o\000l\000a\000r\000i\000z\000a\000t\000i\000o\000n}{chapter.6}% 78
\BOOKMARK [2][-]{subsection.6.2.1}{\376\377\000T\000h\000e\000\040\000M\000a\000t\000h\000e\000m\000a\000t\000i\000c\000a\000l\000\040\000F\000r\000a\000m\000e\000w\000o\000r\000k\000\040\000a\000n\000d\000\040\000E\000m\000p\000i\000r\000i\000c\000a\000l\000\040\000G\000r\000o\000u\000n\000d\000i\000n\000g}{section.6.2}% 79
\BOOKMARK [2][-]{subsection.6.2.2}{\376\377\000O\000p\000t\000i\000m\000i\000z\000a\000t\000i\000o\000n\000\040\000f\000o\000r\000\040\000M\000a\000x\000i\000m\000u\000m\000\040\000D\000e\000p\000o\000l\000a\000r\000i\000z\000a\000t\000i\000o\000n}{section.6.2}% 80
\BOOKMARK [2][-]{subsection.6.2.3}{\376\377\000N\000e\000t\000w\000o\000r\000k\000\040\000E\000f\000f\000e\000c\000t\000s\000\040\000a\000n\000d\000\040\000E\000c\000h\000o\000\040\000C\000h\000a\000m\000b\000e\000r\000\040\000D\000i\000s\000r\000u\000p\000t\000i\000o\000n}{section.6.2}% 81
\BOOKMARK [2][-]{subsection.6.2.4}{\376\377\000P\000r\000a\000c\000t\000i\000c\000a\000l\000\040\000I\000m\000p\000l\000e\000m\000e\000n\000t\000a\000t\000i\000o\000n\000\040\000i\000n\000\040\000D\000i\000g\000i\000t\000a\000l\000\040\000P\000l\000a\000t\000f\000o\000r\000m\000s}{section.6.2}% 82
\BOOKMARK [2][-]{subsection.6.2.5}{\376\377\000E\000t\000h\000i\000c\000a\000l\000\040\000C\000o\000n\000s\000i\000d\000e\000r\000a\000t\000i\000o\000n\000s\000\040\000a\000n\000d\000\040\000L\000i\000m\000i\000t\000a\000t\000i\000o\000n\000s}{section.6.2}% 83
\BOOKMARK [1][-]{section.6.3}{\376\377\000A\000p\000p\000l\000i\000c\000a\000t\000i\000o\000n\000\040\0002\000:\000\040\000T\000h\000e\000\040\000R\000V\000M\000\040\000a\000s\000\040\000D\000i\000a\000g\000n\000o\000s\000t\000i\000c\000\040\000T\000o\000o\000l}{chapter.6}% 84
\BOOKMARK [2][-]{subsection.6.3.1}{\376\377\000F\000r\000o\000m\000\040\000U\000n\000i\000v\000e\000r\000s\000a\000l\000\040\000P\000a\000t\000t\000e\000r\000n\000s\000\040\000t\000o\000\040\000A\000n\000o\000m\000a\000l\000y\000\040\000D\000e\000t\000e\000c\000t\000i\000o\000n}{section.6.3}% 85
\BOOKMARK [2][-]{subsection.6.3.2}{\376\377\000C\000a\000s\000e\000\040\000S\000t\000u\000d\000i\000e\000s\000:\000\040\000E\000l\000e\000c\000t\000o\000r\000a\000l\000\040\000A\000n\000o\000m\000a\000l\000i\000e\000s}{section.6.3}% 86
\BOOKMARK [3][-]{subsubsection.6.3.2.1}{\376\377\000T\000h\000e\000\040\000E\000t\000h\000i\000o\000p\000i\000a\000\040\000C\000a\000s\000e}{subsection.6.3.2}% 87
\BOOKMARK [3][-]{subsubsection.6.3.2.2}{\376\377\000T\000h\000e\000\040\000B\000e\000l\000a\000r\000u\000s\000\040\000C\000a\000s\000e}{subsection.6.3.2}% 88
\BOOKMARK [2][-]{subsection.6.3.3}{\376\377\000T\000h\000e\000\040\000R\000V\000M\000\040\000a\000s\000\040\000a\000\040\000S\000t\000a\000t\000i\000s\000t\000i\000c\000a\000l\000\040\000B\000a\000s\000e\000l\000i\000n\000e}{section.6.3}% 89
\BOOKMARK [1][-]{section.6.4}{\376\377\000L\000i\000m\000i\000t\000a\000t\000i\000o\000n\000s\000\040\000a\000n\000d\000\040\000C\000o\000m\000p\000l\000e\000m\000e\000n\000t\000a\000r\000y\000\040\000A\000p\000p\000r\000o\000a\000c\000h\000e\000s}{chapter.6}% 90
\BOOKMARK [1][-]{section.6.5}{\376\377\000I\000m\000p\000l\000e\000m\000e\000n\000t\000a\000t\000i\000o\000n\000\040\000P\000a\000t\000h\000w\000a\000y\000s\000\040\000a\000n\000d\000\040\000F\000u\000t\000u\000r\000e\000\040\000D\000i\000r\000e\000c\000t\000i\000o\000n\000s}{chapter.6}% 91
\BOOKMARK [1][-]{section.6.6}{\376\377\000F\000r\000o\000m\000\040\000R\000e\000s\000e\000a\000r\000c\000h\000\040\000t\000o\000\040\000I\000m\000p\000a\000c\000t\000:\000\040\000T\000h\000e\000\040\000P\000a\000t\000h\000\040\000F\000o\000r\000w\000a\000r\000d}{chapter.6}% 92
\BOOKMARK [0][-]{chapter.7}{\376\377\000L\000o\000o\000k\000i\000n\000g\000\040\000F\000o\000r\000w\000a\000r\000d\000:\000\040\000R\000a\000n\000d\000o\000m\000n\000e\000s\000s\000,\000\040\000D\000e\000m\000o\000c\000r\000a\000c\000y\000,\000\040\000a\000n\000d\000\040\000B\000e\000y\000o\000n\000d}{}% 93
\BOOKMARK [1][-]{section.7.1}{\376\377\000T\000h\000e\000\040\000U\000n\000i\000f\000y\000i\000n\000g\000\040\000T\000h\000r\000e\000a\000d\000:\000\040\000R\000a\000n\000d\000o\000m\000n\000e\000s\000s\000\040\000a\000s\000\040\000A\000l\000l\000y}{chapter.7}% 94
\BOOKMARK [1][-]{section.7.2}{\376\377\000K\000e\000y\000\040\000C\000o\000n\000t\000r\000i\000b\000u\000t\000i\000o\000n\000s\000\040\000a\000n\000d\000\040\000T\000h\000e\000i\000r\000\040\000I\000m\000p\000l\000i\000c\000a\000t\000i\000o\000n\000s}{chapter.7}% 95
\BOOKMARK [1][-]{section.7.3}{\376\377\000M\000e\000t\000h\000o\000d\000o\000l\000o\000g\000i\000c\000a\000l\000\040\000C\000o\000n\000t\000r\000i\000b\000u\000t\000i\000o\000n\000s}{chapter.7}% 96
\BOOKMARK [1][-]{section.7.4}{\376\377\000T\000h\000e\000o\000r\000e\000t\000i\000c\000a\000l\000\040\000I\000n\000s\000i\000g\000h\000t\000s}{chapter.7}% 97
\BOOKMARK [1][-]{section.7.5}{\376\377\000P\000r\000a\000c\000t\000i\000c\000a\000l\000\040\000I\000m\000p\000a\000c\000t}{chapter.7}% 98
\BOOKMARK [1][-]{section.7.6}{\376\377\000L\000i\000m\000i\000t\000a\000t\000i\000o\000n\000s\000\040\000a\000n\000d\000\040\000O\000p\000e\000n\000\040\000Q\000u\000e\000s\000t\000i\000o\000n\000s}{chapter.7}% 99
\BOOKMARK [1][-]{section.7.7}{\376\377\000S\000c\000o\000p\000e\000\040\000o\000f\000\040\000U\000n\000i\000v\000e\000r\000s\000a\000l\000i\000t\000y}{chapter.7}% 100
\BOOKMARK [1][-]{section.7.8}{\376\377\000D\000y\000n\000a\000m\000i\000c\000\040\000P\000r\000o\000c\000e\000s\000s\000e\000s}{chapter.7}% 101
\BOOKMARK [1][-]{section.7.9}{\376\377\000S\000t\000r\000a\000t\000e\000g\000i\000c\000\040\000I\000n\000t\000e\000r\000a\000c\000t\000i\000o\000n\000s}{chapter.7}% 102
\BOOKMARK [1][-]{section.7.10}{\376\377\000B\000r\000o\000a\000d\000e\000r\000\040\000I\000m\000p\000l\000i\000c\000a\000t\000i\000o\000n\000s\000\040\000f\000o\000r\000\040\000S\000o\000c\000i\000a\000l\000\040\000S\000c\000i\000e\000n\000c\000e}{chapter.7}% 103
\BOOKMARK [1][-]{section.7.11}{\376\377\000T\000h\000e\000\040\000V\000a\000l\000u\000e\000\040\000o\000f\000\040\000U\000n\000i\000v\000e\000r\000s\000a\000l\000\040\000P\000e\000r\000s\000p\000e\000c\000t\000i\000v\000e\000s}{chapter.7}% 104
\BOOKMARK [1][-]{section.7.12}{\376\377\000T\000h\000e\000\040\000R\000o\000l\000e\000\040\000o\000f\000\040\000S\000c\000a\000l\000e}{chapter.7}% 105
\BOOKMARK [1][-]{section.7.13}{\376\377\000I\000n\000t\000e\000r\000v\000e\000n\000t\000i\000o\000n\000\040\000D\000e\000s\000i\000g\000n\000\040\000P\000r\000i\000n\000c\000i\000p\000l\000e\000s}{chapter.7}% 106
\BOOKMARK [1][-]{section.7.14}{\376\377\000F\000u\000t\000u\000r\000e\000\040\000R\000e\000s\000e\000a\000r\000c\000h\000\040\000D\000i\000r\000e\000c\000t\000i\000o\000n\000s}{chapter.7}% 107
\BOOKMARK [1][-]{section.7.15}{\376\377\000E\000x\000t\000e\000n\000s\000i\000o\000n\000\040\000t\000o\000\040\000O\000t\000h\000e\000r\000\040\000D\000o\000m\000a\000i\000n\000s}{chapter.7}% 108
\BOOKMARK [1][-]{section.7.16}{\376\377\000D\000y\000n\000a\000m\000i\000c\000\040\000M\000o\000d\000e\000l\000s}{chapter.7}% 109
\BOOKMARK [1][-]{section.7.17}{\376\377\000I\000n\000t\000e\000r\000v\000e\000n\000t\000i\000o\000n\000\040\000O\000p\000t\000i\000m\000i\000z\000a\000t\000i\000o\000n}{chapter.7}% 110
\BOOKMARK [1][-]{section.7.18}{\376\377\000T\000e\000c\000h\000n\000o\000l\000o\000g\000i\000c\000a\000l\000\040\000a\000n\000d\000\040\000S\000o\000c\000i\000e\000t\000a\000l\000\040\000C\000o\000n\000t\000e\000x\000t}{chapter.7}% 111
\BOOKMARK [1][-]{section.7.19}{\376\377\000A\000l\000g\000o\000r\000i\000t\000h\000m\000i\000c\000\040\000M\000e\000d\000i\000a\000t\000i\000o\000n}{chapter.7}% 112
\BOOKMARK [1][-]{section.7.20}{\376\377\000S\000c\000a\000l\000e\000\040\000o\000f\000\040\000M\000o\000d\000e\000r\000n\000\040\000D\000e\000m\000o\000c\000r\000a\000c\000y}{chapter.7}% 113
\BOOKMARK [1][-]{section.7.21}{\376\377\000I\000n\000f\000o\000r\000m\000a\000t\000i\000o\000n\000\040\000E\000c\000o\000s\000y\000s\000t\000e\000m\000\040\000E\000v\000o\000l\000u\000t\000i\000o\000n}{chapter.7}% 114
\BOOKMARK [1][-]{section.7.22}{\376\377\000E\000t\000h\000i\000c\000a\000l\000\040\000C\000o\000n\000s\000i\000d\000e\000r\000a\000t\000i\000o\000n\000s}{chapter.7}% 115
\BOOKMARK [1][-]{section.7.23}{\376\377\000A\000u\000t\000o\000n\000o\000m\000y\000\040\000a\000n\000d\000\040\000M\000a\000n\000i\000p\000u\000l\000a\000t\000i\000o\000n}{chapter.7}% 116
\BOOKMARK [1][-]{section.7.24}{\376\377\000D\000e\000m\000o\000c\000r\000a\000t\000i\000c\000\040\000L\000e\000g\000i\000t\000i\000m\000a\000c\000y}{chapter.7}% 117
\BOOKMARK [1][-]{section.7.25}{\376\377\000U\000n\000i\000n\000t\000e\000n\000d\000e\000d\000\040\000C\000o\000n\000s\000e\000q\000u\000e\000n\000c\000e\000s}{chapter.7}% 118
\BOOKMARK [1][-]{section.7.26}{\376\377\000T\000h\000e\000\040\000R\000o\000a\000d\000\040\000A\000h\000e\000a\000d}{chapter.7}% 119
\BOOKMARK [1][-]{section.7.27}{\376\377\000I\000n\000t\000e\000r\000d\000i\000s\000c\000i\000p\000l\000i\000n\000a\000r\000y\000\040\000C\000o\000l\000l\000a\000b\000o\000r\000a\000t\000i\000o\000n}{chapter.7}% 120
\BOOKMARK [1][-]{section.7.28}{\376\377\000R\000e\000a\000l\000-\000W\000o\000r\000l\000d\000\040\000T\000e\000s\000t\000i\000n\000g}{chapter.7}% 121
\BOOKMARK [1][-]{section.7.29}{\376\377\000A\000d\000a\000p\000t\000i\000v\000e\000\040\000F\000r\000a\000m\000e\000w\000o\000r\000k\000s}{chapter.7}% 122
\BOOKMARK [1][-]{section.7.30}{\376\377\000F\000i\000n\000a\000l\000\040\000R\000e\000f\000l\000e\000c\000t\000i\000o\000n\000s}{chapter.7}% 123
\BOOKMARK [1][-]{section.7.31}{\376\377\000C\000h\000a\000p\000t\000e\000r\000\040\000S\000u\000m\000m\000a\000r\000y}{chapter.7}% 124
\BOOKMARK [0][-]{section.7.31}{\376\377\000R\000e\000f\000e\000r\000e\000n\000c\000e\000s}{}% 125
